<?xml version="1.0" encoding="UTF-8"?>
<!-- Generated by org.testng.reporters.JUnitReportReporter -->
<testsuite hostname="VasanthiHemadri" failures="0" tests="1" name="com.cdd.scenarios.CascadingDropdownScenarios" time="14.870" errors="0" timestamp="2023-03-13T23:24:38 EDT" skipped="0">
  <testcase classname="com.cdd.scenarios.CascadingDropdownScenarios" name="cascadingDropdownScenarios" time="14.870"/>
  <system-out/>
</testsuite> <!-- com.cdd.scenarios.CascadingDropdownScenarios -->
